AutoECO Error Report
FILE-A: F:\TAI LIEU DH\THIET KE HE THONG NHUNG\SCHEMATIC LAYOUT\8052-SCIENTIFIC-CALCULATOR.MAX
FILE-B: F:\TAI LIEU DH\THIET KE HE THONG NHUNG\SCHEMATIC LAYOUT\8052-SCIENTIFIC-CALCULATOR.MNL
ERROR: No footprint found for comp U1
ERROR: No footprint found for comp SW8
ERROR: No footprint found for comp R12
ERROR: No footprint found for comp C11
ERROR: No footprint found for comp J2
ERROR: No footprint found for comp R13
ERROR: No footprint found for comp J3
ERROR: No footprint found for comp R1
ERROR: No footprint found for comp SW9
ERROR: No footprint found for comp D3
ERROR: No footprint found for comp D4
ERROR: No footprint found for comp D2
ERROR: No footprint found for comp SW10
ERROR: No footprint found for comp C5
ERROR: No footprint found for comp SW11
ERROR: No footprint found for comp C7
ERROR: No footprint found for comp R3
ERROR: No footprint found for comp SW2
ERROR: No footprint found for comp SW12
ERROR: No footprint found for comp C6
ERROR: No footprint found for comp C10
ERROR: No footprint found for comp J1
ERROR: No footprint found for comp L1
ERROR: No footprint found for comp SW3
ERROR: No footprint found for comp SW1
ERROR: No footprint found for comp R4
ERROR: No footprint found for comp SW13
ERROR: No footprint found for comp C8
ERROR: No footprint found for comp R2
ERROR: No footprint found for comp C4
ERROR: No footprint found for comp SW14
ERROR: No footprint found for comp U3
ERROR: No footprint found for comp R14
ERROR: No footprint found for comp R5
ERROR: No footprint found for comp D1
ERROR: No footprint found for comp R7
ERROR: No footprint found for comp D5
ERROR: No footprint found for comp SW4
ERROR: No footprint found for comp SW15
ERROR: No footprint found for comp X1
ERROR: No footprint found for comp C9
ERROR: No footprint found for comp R8
ERROR: No footprint found for comp TP1
ERROR: No footprint found for comp U2
ERROR: No footprint found for comp C1
ERROR: No footprint found for comp R6
ERROR: No footprint found for comp SW5
ERROR: No footprint found for comp TP2
ERROR: No footprint found for comp SW16
ERROR: No footprint found for comp R9
ERROR: No footprint found for comp C2
ERROR: No footprint found for comp SW6
ERROR: No footprint found for comp R10
ERROR: No footprint found for comp C3
ERROR: No footprint found for comp SW7
ERROR: No footprint found for comp R11
ERROR: No footprint found for comp SW17
Unable to complete ECO due to errors
57 errors found
