Wed Sep 26 14:59:56 Saved as file F:\TAI LIEU DH\THIET KE HE THONG NHUNG\SCHEMATIC LAYOUT\8052-SCIENTIFIC-CALCULATOR.MAX
Wed Sep 26 14:59:56 Saved as file BACKUP1.MAX
Wed Sep 26 14:59:56 Saved as file F:\TAI LIEU DH\THIET KE HE THONG NHUNG\SCHEMATIC LAYOUT\8052-SCIENTIFIC-CALCULATOR.MAX
Wed Sep 26 14:59:57 UserDiv from Layout.INI for AutoECO: 60
Wed Sep 26 14:59:57 Loaded file F:\TAI LIEU DH\THIET KE HE THONG NHUNG\SCHEMATIC LAYOUT\8052-SCIENTIFIC-CALCULATOR.MAX
Wed Sep 26 14:59:57 Loaded file C:\PROGRAM FILES\ORCAD\LAYOUT\library\BCON100T.llb
Wed Sep 26 14:59:57 Loaded file C:\PROGRAM FILES\ORCAD\LAYOUT\library\BCON156T.llb
Wed Sep 26 14:59:57 Loaded file C:\PROGRAM FILES\ORCAD\LAYOUT\library\BGA.llb
Wed Sep 26 14:59:57 Loaded file C:\PROGRAM FILES\ORCAD\LAYOUT\library\CLCC.llb
Wed Sep 26 14:59:57 Loaded file C:\PROGRAM FILES\ORCAD\LAYOUT\library\DCON050T.llb
Wed Sep 26 14:59:57 Loaded file C:\PROGRAM FILES\ORCAD\LAYOUT\library\DCON085T.llb
Wed Sep 26 14:59:57 Loaded file C:\PROGRAM FILES\ORCAD\LAYOUT\library\DIMM050F.llb
Wed Sep 26 14:59:57 Loaded file C:\PROGRAM FILES\ORCAD\LAYOUT\library\DIMM050T.llb
Wed Sep 26 14:59:57 Loaded file C:\PROGRAM FILES\ORCAD\LAYOUT\library\DIN.llb
Wed Sep 26 14:59:57 Loaded file C:\PROGRAM FILES\ORCAD\LAYOUT\library\DIP100B.llb
Wed Sep 26 14:59:57 Loaded file C:\PROGRAM FILES\ORCAD\LAYOUT\library\DIP100T.llb
Wed Sep 26 14:59:57 Loaded file C:\PROGRAM FILES\ORCAD\LAYOUT\library\DSUBT.llb
Wed Sep 26 14:59:57 Loaded file C:\PROGRAM FILES\ORCAD\LAYOUT\library\DSUBT_HD.LLB
Wed Sep 26 14:59:57 Loaded file C:\PROGRAM FILES\ORCAD\LAYOUT\library\ECON100T.llb
Wed Sep 26 14:59:57 Loaded file C:\PROGRAM FILES\ORCAD\LAYOUT\library\FBUS.llb
Wed Sep 26 14:59:57 Loaded file C:\PROGRAM FILES\ORCAD\LAYOUT\library\ISA.llb
Wed Sep 26 14:59:57 Loaded file C:\PROGRAM FILES\ORCAD\LAYOUT\library\JUMPER.LLB
Wed Sep 26 14:59:57 Loaded file C:\PROGRAM FILES\ORCAD\LAYOUT\library\LAYOUT.llb
Wed Sep 26 14:59:57 Loaded file C:\PROGRAM FILES\ORCAD\LAYOUT\library\LCON100T.llb
Wed Sep 26 14:59:57 Loaded file C:\PROGRAM FILES\ORCAD\LAYOUT\library\PC104.llb
Wed Sep 26 14:59:57 Loaded file C:\PROGRAM FILES\ORCAD\LAYOUT\library\PCI.llb
Wed Sep 26 14:59:58 Loaded file C:\PROGRAM FILES\ORCAD\LAYOUT\library\PCON100T.llb
Wed Sep 26 14:59:58 Loaded file C:\PROGRAM FILES\ORCAD\LAYOUT\library\PCON156T.llb
Wed Sep 26 14:59:58 Loaded file C:\PROGRAM FILES\ORCAD\LAYOUT\library\PGA.llb
Wed Sep 26 14:59:58 Loaded file C:\PROGRAM FILES\ORCAD\LAYOUT\library\PLCC.llb
Wed Sep 26 14:59:58 Loaded file C:\PROGRAM FILES\ORCAD\LAYOUT\library\QUAD.llb
Wed Sep 26 14:59:58 Loaded file C:\PROGRAM FILES\ORCAD\LAYOUT\library\QUADB.llb
Wed Sep 26 14:59:58 Loaded file C:\PROGRAM FILES\ORCAD\LAYOUT\library\RELAY.llb
Wed Sep 26 14:59:58 Loaded file C:\PROGRAM FILES\ORCAD\LAYOUT\library\RF.llb
Wed Sep 26 14:59:58 Loaded file C:\PROGRAM FILES\ORCAD\LAYOUT\library\SBUS.llb
Wed Sep 26 14:59:58 Loaded file C:\PROGRAM FILES\ORCAD\LAYOUT\library\SIMM050F.llb
Wed Sep 26 14:59:58 Loaded file C:\PROGRAM FILES\ORCAD\LAYOUT\library\SIMM050T.llb
Wed Sep 26 14:59:58 Loaded file C:\PROGRAM FILES\ORCAD\LAYOUT\library\SIMM100F.llb
Wed Sep 26 14:59:58 Loaded file C:\PROGRAM FILES\ORCAD\LAYOUT\library\SIMM100T.llb
Wed Sep 26 14:59:58 Loaded file C:\PROGRAM FILES\ORCAD\LAYOUT\library\SIP.llb
Wed Sep 26 14:59:58 Loaded file C:\PROGRAM FILES\ORCAD\LAYOUT\library\SM.llb
Wed Sep 26 14:59:58 Loaded file C:\PROGRAM FILES\ORCAD\LAYOUT\library\SOG.llb
Wed Sep 26 14:59:58 Loaded file C:\PROGRAM FILES\ORCAD\LAYOUT\library\SOJ.llb
Wed Sep 26 14:59:58 Loaded file C:\PROGRAM FILES\ORCAD\LAYOUT\library\STIFF.llb
Wed Sep 26 14:59:58 Loaded file C:\PROGRAM FILES\ORCAD\LAYOUT\library\TELE.llb
Wed Sep 26 14:59:58 Loaded file C:\PROGRAM FILES\ORCAD\LAYOUT\library\TM_AXIAL.llb
Wed Sep 26 14:59:58 Loaded file C:\PROGRAM FILES\ORCAD\LAYOUT\library\TM_CAP_P.llb
Wed Sep 26 14:59:58 Loaded file C:\PROGRAM FILES\ORCAD\LAYOUT\library\TM_CYLND.llb
Wed Sep 26 14:59:58 Loaded file C:\PROGRAM FILES\ORCAD\LAYOUT\library\TM_DIODE.llb
Wed Sep 26 14:59:58 Loaded file C:\PROGRAM FILES\ORCAD\LAYOUT\library\TM_DISC.llb
Wed Sep 26 14:59:58 Loaded file C:\PROGRAM FILES\ORCAD\LAYOUT\library\TM_RAD.llb
Wed Sep 26 14:59:59 Loaded file C:\PROGRAM FILES\ORCAD\LAYOUT\library\TO.llb
Wed Sep 26 14:59:59 Loaded file C:\PROGRAM FILES\ORCAD\LAYOUT\library\TRAINING.LLB
Wed Sep 26 14:59:59 Loaded file C:\PROGRAM FILES\ORCAD\LAYOUT\library\VRES.llb
Wed Sep 26 14:59:59 Loaded file C:\PROGRAM FILES\ORCAD\LAYOUT\library\WCON100T.llb
Wed Sep 26 14:59:59 Loaded file C:\PROGRAM FILES\ORCAD\LAYOUT\library\XT.llb
Wed Sep 26 14:59:59 Loaded file C:\PROGRAM FILES\ORCAD\LAYOUT\library\ZIGZAG.llb
Wed Sep 26 14:59:59 Library file not found:USER.PRT
Wed Sep 26 14:59:59 Library file not found:USER.PRT
Wed Sep 26 15:00:02 Library file not found:USER.PRT
Wed Sep 26 15:00:02 Library file not found:USER.PRT
Wed Sep 26 15:00:04 Library file not found:USER.PRT
Wed Sep 26 15:00:04 Library file not found:USER.PRT
Wed Sep 26 15:00:05 Library file not found:USER.PRT
Wed Sep 26 15:00:05 Library file not found:USER.PRT
Wed Sep 26 15:00:05 Library file not found:USER.PRT
Wed Sep 26 15:00:05 Library file not found:USER.PRT
Wed Sep 26 15:00:05 Library file not found:USER.PRT
Wed Sep 26 15:00:05 Library file not found:USER.PRT
Wed Sep 26 15:00:05 Library file not found:USER.PRT
Wed Sep 26 15:00:05 Library file not found:USER.PRT
Wed Sep 26 15:00:05 Library file not found:USER.PRT
Wed Sep 26 15:00:05 Library file not found:USER.PRT
Wed Sep 26 15:00:05 Library file not found:USER.PRT
Wed Sep 26 15:00:05 Library file not found:USER.PRT
Wed Sep 26 15:00:06 Library file not found:USER.PRT
Wed Sep 26 15:00:06 Library file not found:USER.PRT
Wed Sep 26 15:00:06 Library file not found:USER.PRT
Wed Sep 26 15:00:06 Library file not found:USER.PRT
Wed Sep 26 15:00:06 Library file not found:USER.PRT
Wed Sep 26 15:00:06 Library file not found:USER.PRT
Wed Sep 26 15:00:06 Library file not found:USER.PRT
Wed Sep 26 15:00:06 Library file not found:USER.PRT
Wed Sep 26 15:00:06 Library file not found:USER.PRT
Wed Sep 26 15:00:06 Library file not found:USER.PRT
Wed Sep 26 15:00:06 Library file not found:USER.PRT
Wed Sep 26 15:00:06 Library file not found:USER.PRT
Wed Sep 26 15:00:07 Library file not found:USER.PRT
Wed Sep 26 15:00:07 Library file not found:USER.PRT
Wed Sep 26 15:00:07 Library file not found:USER.PRT
Wed Sep 26 15:00:07 Library file not found:USER.PRT
Wed Sep 26 15:00:07 Library file not found:USER.PRT
Wed Sep 26 15:00:07 Library file not found:USER.PRT
Wed Sep 26 15:00:07 Library file not found:USER.PRT
Wed Sep 26 15:00:07 Library file not found:USER.PRT
Wed Sep 26 15:00:07 Library file not found:USER.PRT
Wed Sep 26 15:00:07 Library file not found:USER.PRT
Wed Sep 26 15:00:07 Library file not found:USER.PRT
Wed Sep 26 15:00:07 Library file not found:USER.PRT
Wed Sep 26 15:00:08 Library file not found:USER.PRT
Wed Sep 26 15:00:08 Library file not found:USER.PRT
Wed Sep 26 15:00:08 Library file not found:USER.PRT
Wed Sep 26 15:00:08 Library file not found:USER.PRT
Wed Sep 26 15:00:08 Library file not found:USER.PRT
Wed Sep 26 15:00:08 Library file not found:USER.PRT
Wed Sep 26 15:00:08 Library file not found:USER.PRT
Wed Sep 26 15:00:08 Library file not found:USER.PRT
Wed Sep 26 15:00:08 Library file not found:USER.PRT
Wed Sep 26 15:00:08 Library file not found:USER.PRT
Wed Sep 26 15:00:08 Library file not found:USER.PRT
Wed Sep 26 15:00:08 Library file not found:USER.PRT
Wed Sep 26 15:00:08 Library file not found:USER.PRT
Wed Sep 26 15:00:09 Library file not found:USER.PRT
Wed Sep 26 15:00:09 Library file not found:USER.PRT
Wed Sep 26 15:00:09 Library file not found:USER.PRT
Wed Sep 26 15:00:09 Library file not found:USER.PRT
Wed Sep 26 15:00:09 Library file not found:USER.PRT
Wed Sep 26 15:00:10 Library file not found:USER.PRT
Wed Sep 26 15:00:10 Library file not found:USER.PRT
Wed Sep 26 15:00:14 Library file not found:USER.PRT
Wed Sep 26 15:00:14 Library file not found:USER.PRT
Wed Sep 26 15:00:14 Library file not found:USER.PRT
Wed Sep 26 15:00:14 Library file not found:USER.PRT
Wed Sep 26 15:00:14 Library file not found:USER.PRT
Wed Sep 26 15:00:15 Library file not found:USER.PRT
Wed Sep 26 15:00:15 Library file not found:USER.PRT
Wed Sep 26 15:00:15 Library file not found:USER.PRT
Wed Sep 26 15:00:15 Library file not found:USER.PRT
Wed Sep 26 15:00:15 Library file not found:USER.PRT
Wed Sep 26 15:00:15 Library file not found:USER.PRT
Wed Sep 26 15:00:15 Library file not found:USER.PRT
Wed Sep 26 15:00:15 Library file not found:USER.PRT
Wed Sep 26 15:00:15 Library file not found:USER.PRT
Wed Sep 26 15:00:15 Library file not found:USER.PRT
Wed Sep 26 15:00:15 Library file not found:USER.PRT
Wed Sep 26 15:00:15 Library file not found:USER.PRT
Wed Sep 26 15:00:16 Library file not found:USER.PRT
Wed Sep 26 15:00:16 Library file not found:USER.PRT
Wed Sep 26 15:00:16 Library file not found:USER.PRT
Wed Sep 26 15:00:16 Library file not found:USER.PRT
Wed Sep 26 15:00:16 Library file not found:USER.PRT
Wed Sep 26 15:00:16 Library file not found:USER.PRT
Wed Sep 26 15:00:16 Library file not found:USER.PRT
Wed Sep 26 15:00:16 Library file not found:USER.PRT
Wed Sep 26 15:00:16 Library file not found:USER.PRT
Wed Sep 26 15:00:16 Library file not found:USER.PRT
Wed Sep 26 15:00:16 Library file not found:USER.PRT
Wed Sep 26 15:00:16 Library file not found:USER.PRT
Wed Sep 26 15:00:17 Library file not found:USER.PRT
Wed Sep 26 15:00:17 Library file not found:USER.PRT
Wed Sep 26 15:00:17 Library file not found:USER.PRT
Wed Sep 26 15:00:17 Library file not found:USER.PRT
Wed Sep 26 15:00:17 Library file not found:USER.PRT
Wed Sep 26 15:00:17 Library file not found:USER.PRT
Wed Sep 26 15:00:17 Library file not found:USER.PRT
Wed Sep 26 15:00:17 Library file not found:USER.PRT
Wed Sep 26 15:00:17 Library file not found:USER.PRT
Wed Sep 26 15:00:17 Library file not found:USER.PRT
Wed Sep 26 15:00:17 Library file not found:USER.PRT
Wed Sep 26 15:00:17 Library file not found:USER.PRT
Wed Sep 26 15:00:17 Library file not found:USER.PRT
Wed Sep 26 15:00:18 Library file not found:USER.PRT
Wed Sep 26 15:00:18 Library file not found:USER.PRT
Wed Sep 26 15:00:18 Library file not found:USER.PRT
Wed Sep 26 15:00:18 Library file not found:USER.PRT
Wed Sep 26 15:00:18 Library file not found:USER.PRT
Wed Sep 26 15:00:18 Library file not found:USER.PRT
Wed Sep 26 15:00:18 Library file not found:USER.PRT
Wed Sep 26 15:00:18 Library file not found:USER.PRT
Wed Sep 26 15:00:18 Library file not found:USER.PRT
Wed Sep 26 15:00:18 Library file not found:USER.PRT
Wed Sep 26 15:00:19 Loaded file F:\TAI LIEU DH\THIET KE HE THONG NHUNG\SCHEMATIC LAYOUT\8052-SCIENTIFIC-CALCULATOR.MAX
Wed Sep 26 15:00:19 Saved as file F:\TAI LIEU DH\THIET KE HE THONG NHUNG\SCHEMATIC LAYOUT\8052-SCIENTIFIC-CALCULATOR.MAX
Wed Sep 26 15:00:19 Loaded file F:\TAI LIEU DH\THIET KE HE THONG NHUNG\SCHEMATIC LAYOUT\8052-SCIENTIFIC-CALCULATOR.MAX
